
 $$$$$$\  $$\      $$\ $$$$$$$\                                    $$\       $$\|
$$  __$$\ $$$\    $$$ |$$  __$$\                                   $$ |      \__|
$ /   $$ |$$$$\  $$$$ |$$ |  $$ | $$$$$$$\  $$$$$$\  $$$$$$\$$$$\  $$$$$$$\  $$\ 
$$$$$$$$ |$$\$$\$$ $$ |$$$$$$$  |$$  _____|$$  __$$\ $$  _$$  _$$\ $$  __$$\ $$ |
$$  __$$ |$$ \$$$  $$ |$$  ____/ $$ /      $$ /  $$ |$$ / $$ / $$ |$$ |  $$ |$$ |
$$ |  $$ |$$ |\$  /$$ |$$ |      $$ |      $$ |  $$ |$$ | $$ | $$ |$$ |  $$ |$$ |
$$ |  $$ |$$ | \_/ $$ |$$ |      \$$$$$$$\ \$$$$$$  |$$ | $$ | $$ |$$$$$$$  |$$ |
\__|  \__|\__|     \__|\__|       \_______| \______/ \__| \__| \__|\_______/ \__|

<--AMP_database> = amp_DRAMP_database is found and will be used
MMseqs2 directory already exists in amp_DRAMP_database.
/usr/local/lib/python3.11/site-packages/Bio/SeqFeature.py:1940: BiopythonDeprecationWarning: Alias location.position is deprecated and will be removed in a future release. Use location directly, or int(location). However, that will fail for UnknownPosition, and for OneOfPosition and WithinPosition will give the default rather than left-most value.
  warnings.warn(
/usr/local/lib/python3.11/site-packages/Bio/GenBank/Scanner.py:1391: BiopythonParserWarning: Truncated LOCUS line found - is this correct?
:'LOCUS       AB011548.2              3306 bp    DNA     linear   BCT 19-DEC-25\n'
  warnings.warn(
/usr/local/lib/python3.11/site-packages/Bio/GenBank/Scanner.py:1529: BiopythonParserWarning: Attempting to parse malformed locus line:
'LOCUS       AB011549.2              92721 bp    DNA     linear   BCT 19-DEC-25\n'
Found locus 'AB011549.2' size '92721' residue_type 'DNA'
Some fields may be wrong.
  warnings.warn(
