INFO     19/12 09:13:49   antiSMASH version: 8.0.1
INFO     19/12 09:13:49   diamond using executable: /usr/local/bin/diamond (2.1.11)
INFO     19/12 09:13:49   hmmpfam2 using executable: /usr/local/bin/hmmpfam2 (2.3.2)
INFO     19/12 09:13:49   fasttree using executable: /usr/local/bin/fasttree
INFO     19/12 09:13:49   hmmsearch using executable: /usr/local/bin/hmmsearch (3.4)
INFO     19/12 09:13:49   hmmpress using executable: /usr/local/bin/hmmpress (3.4)
INFO     19/12 09:13:49   hmmscan using executable: /usr/local/bin/hmmscan (3.4)
INFO     19/12 09:13:49   prodigal using executable: /usr/local/bin/prodigal (V2.6.3)
INFO     19/12 09:13:50   blastp using executable: /usr/local/bin/blastp (2.16.0+)
INFO     19/12 09:13:50   makeblastdb using executable: /usr/local/bin/makeblastdb (2.16.0+)
INFO     19/12 09:13:50   Parsing input sequence 'CONTROL_REP3_pyrodigal.gbk'
INFO     19/12 09:13:53   Analysing record: NC_000913.3
INFO     19/12 09:13:53   Detecting secondary metabolite clusters
INFO     19/12 09:13:53   Running antismash.detection.hmm_detection
INFO     19/12 09:13:53   HMM detection using strictness: relaxed
INFO     19/12 09:14:04   3 region(s) detected in record
INFO     19/12 09:14:04   Running antismash.detection.genefunctions
INFO     19/12 09:14:08   Running antismash.detection.nrps_pks_domains
INFO     19/12 09:14:08   Running antismash.modules.lanthipeptides
INFO     19/12 09:14:08   Running antismash.modules.lassopeptides
INFO     19/12 09:14:09   Running antismash.modules.nrps_pks
INFO     19/12 09:14:09   Predicting A domain substrate specificities with nrpys
INFO     19/12 09:14:09   Predicting NRPS C domain activity using active site motifs
INFO     19/12 09:14:09   Predicting CAL domain substrate specificities by Minowa et al. method
INFO     19/12 09:14:09   Predicting PKS KR activity and stereochemistry using KR fingerprints from Starcevic et al.
INFO     19/12 09:14:09   Running antismash.modules.sactipeptides
INFO     19/12 09:14:09   Running antismash.modules.t2pks
INFO     19/12 09:14:09   Running antismash.modules.terpene
INFO     19/12 09:14:09   Analysing terpene clusters
INFO     19/12 09:14:09   Running antismash.modules.thiopeptides
INFO     19/12 09:14:09   Running antismash.modules.tta
INFO     19/12 09:14:10   Skipping TTA codon detection, GC content too low: 51%
INFO     19/12 09:14:10   Writing results
INFO     19/12 09:14:14   antiSMASH status: SUCCESS
