
 $$$$$$\  $$\      $$\ $$$$$$$\                                    $$\       $$\|
$$  __$$\ $$$\    $$$ |$$  __$$\                                   $$ |      \__|
$ /   $$ |$$$$\  $$$$ |$$ |  $$ | $$$$$$$\  $$$$$$\  $$$$$$\$$$$\  $$$$$$$\  $$\ 
$$$$$$$$ |$$\$$\$$ $$ |$$$$$$$  |$$  _____|$$  __$$\ $$  _$$  _$$\ $$  __$$\ $$ |
$$  __$$ |$$ \$$$  $$ |$$  ____/ $$ /      $$ /  $$ |$$ / $$ / $$ |$$ |  $$ |$$ |
$$ |  $$ |$$ |\$  /$$ |$$ |      $$ |      $$ |  $$ |$$ | $$ | $$ |$$ |  $$ |$$ |
$$ |  $$ |$$ | \_/ $$ |$$ |      \$$$$$$$\ \$$$$$$  |$$ | $$ | $$ |$$$$$$$  |$$ |
\__|  \__|\__|     \__|\__|       \_______| \______/ \__| \__| \__|\_______/ \__|


 ########################################################## 
Processing AMP-files from sample: CONTROL_REP2
found ampir file
found amplify file
found macrel file
No InterproScan files were provided. Workflow continuing ....
The fasta containing AMP sequences for CONTROL_REP2 was saved to CONTROL_REP2/ 

The mmseqs alignment for CONTROL_REP2 in progress ....
No AMP hits for CONTROL_REP2 were successfully aligned to the reference database. Consider changing the database.
The mmseqs alignment for CONTROL_REP2 was saved to CONTROL_REP2/.
Estimating functional and structural properties for CONTROL_REP2 ....
Parsing the corresponding gene bank file for CONTROL_REP2 ....
writing CONTROL_REP2_BA000007.3.gbk
writing CONTROL_REP2_BA000007.3.gbk
writing CONTROL_REP2_BA000007.3.gbk
writing CONTROL_REP2_BA000007.3.gbk
writing CONTROL_REP2_BA000007.3.gbk
writing CONTROL_REP2_BA000007.3.gbk
writing CONTROL_REP2_BA000007.3.gbk
writing CONTROL_REP2_BA000007.3.gbk
writing CONTROL_REP2_BA000007.3.gbk
writing CONTROL_REP2_BA000007.3.gbk
writing CONTROL_REP2_BA000007.3.gbk
writing CONTROL_REP2_BA000007.3.gbk
writing CONTROL_REP2_BA000007.3.gbk
writing CONTROL_REP2_BA000007.3.gbk
writing CONTROL_REP2_BA000007.3.gbk
writing CONTROL_REP2_BA000007.3.gbk
writing CONTROL_REP2_BA000007.3.gbk
writing CONTROL_REP2_BA000007.3.gbk
writing CONTROL_REP2_BA000007.3.gbk
writing CONTROL_REP2_BA000007.3.gbk
writing CONTROL_REP2_BA000007.3.gbk
writing CONTROL_REP2_BA000007.3.gbk
writing CONTROL_REP2_BA000007.3.gbk
writing CONTROL_REP2_BA000007.3.gbk
writing CONTROL_REP2_BA000007.3.gbk
writing CONTROL_REP2_BA000007.3.gbk
writing CONTROL_REP2_BA000007.3.gbk
writing CONTROL_REP2_BA000007.3.gbk
writing CONTROL_REP2_BA000007.3.gbk
writing CONTROL_REP2_BA000007.3.gbk
writing CONTROL_REP2_BA000007.3.gbk
writing CONTROL_REP2_BA000007.3.gbk
writing CONTROL_REP2_BA000007.3.gbk
writing CONTROL_REP2_AB011549.2.gbk
The summary file for CONTROL_REP2 was saved to CONTROL_REP2/CONTROL_REP2.tsv.
