Nov-27 23:02:22.486 [main] DEBUG nextflow.cli.Launcher - $> nextflow run ./DogaNextflow/AssemblyPipeline.nf
Nov-27 23:02:22.599 [main] DEBUG nextflow.cli.CmdRun - N E X T F L O W  ~  version 25.10.0
Nov-27 23:02:22.690 [main] DEBUG nextflow.plugin.PluginsFacade - Setting up plugin manager > mode=prod; embedded=false; plugins-dir=/home/yasemen/.nextflow/plugins; core-plugins: nf-amazon@3.4.1,nf-azure@1.20.2,nf-cloudcache@0.5.0,nf-codecommit@0.5.0,nf-console@1.3.0,nf-google@1.23.3,nf-k8s@1.2.2,nf-tower@1.17.1,nf-wave@1.16.1
Nov-27 23:02:22.718 [main] INFO  o.pf4j.DefaultPluginStatusProvider - Enabled plugins: []
Nov-27 23:02:22.719 [main] INFO  o.pf4j.DefaultPluginStatusProvider - Disabled plugins: []
Nov-27 23:02:22.722 [main] INFO  org.pf4j.DefaultPluginManager - PF4J version 3.12.0 in 'deployment' mode
Nov-27 23:02:22.736 [main] DEBUG nextflow.util.RetryConfig - Missing nextflow session - using default retry config
Nov-27 23:02:22.888 [main] INFO  org.pf4j.AbstractPluginManager - No plugins
Nov-27 23:02:22.889 [main] DEBUG nextflow.plugin.PluginsFacade - Plugins default=[]
Nov-27 23:02:22.890 [main] DEBUG nextflow.plugin.PluginsFacade - Plugins resolved requirement=[]
Nov-27 23:02:22.905 [main] DEBUG n.secret.LocalSecretsProvider - Secrets store: /home/yasemen/.nextflow/secrets/store.json
Nov-27 23:02:22.918 [main] DEBUG nextflow.secret.SecretsLoader - Discovered secrets providers: [nextflow.secret.LocalSecretsProvider@6f38a289] - activable => nextflow.secret.LocalSecretsProvider@6f38a289
Nov-27 23:02:22.943 [main] DEBUG nextflow.cli.CmdRun - Applied DSL=2 by global default
Nov-27 23:02:22.965 [main] DEBUG nextflow.cli.CmdRun - Launching `./DogaNextflow/AssemblyPipeline.nf` [drunk_williams] DSL2 - revision: 1e16d21fdf
Nov-27 23:02:23.021 [main] DEBUG nextflow.Session - Session UUID: ad4ce4c4-33ef-4270-8c0c-007bdd6e10f9
Nov-27 23:02:23.022 [main] DEBUG nextflow.Session - Run name: drunk_williams
Nov-27 23:02:23.022 [main] DEBUG nextflow.Session - Executor pool size: 24
Nov-27 23:02:23.032 [main] DEBUG nextflow.file.FilePorter - File porter settings maxRetries=3; maxTransfers=50; pollTimeout=null
Nov-27 23:02:23.039 [main] DEBUG nextflow.util.ThreadPoolBuilder - Creating thread pool 'FileTransfer' minSize=10; maxSize=72; workQueue=LinkedBlockingQueue[-1]; allowCoreThreadTimeout=false
Nov-27 23:02:23.060 [main] DEBUG nextflow.cli.CmdRun - 
  Version: 25.10.0 build 10289
  Created: 22-10-2025 16:26 UTC (19:26 TRST)
  System: Linux 6.6.87.2-microsoft-standard-WSL2
  Runtime: Groovy 4.0.28 on OpenJDK 64-Bit Server VM 21.0.9+10-Ubuntu-124.04
  Encoding: UTF-8 (UTF-8)
  Process: 46554@DESKTOP-J83M4TR [127.0.1.1]
  CPUs: 24 - Mem: 15.5 GB (12.6 GB) - Swap: 4 GB (4 GB)
Nov-27 23:02:23.081 [main] DEBUG nextflow.Session - Work-dir: /home/yasemen/School/BacterialGenomics/work [ext2/ext3]
Nov-27 23:02:23.081 [main] DEBUG nextflow.Session - Script base path does not exist or is not a directory: /home/yasemen/School/BacterialGenomics/DogaNextflow/bin
Nov-27 23:02:23.090 [main] DEBUG nextflow.executor.ExecutorFactory - Extension executors providers=[]
Nov-27 23:02:23.101 [main] DEBUG nextflow.Session - Observer factory (v2): LinObserverFactory
Nov-27 23:02:23.104 [main] DEBUG nextflow.Session - Observer factory (v2): DefaultObserverFactory
Nov-27 23:02:23.150 [main] DEBUG nextflow.cache.CacheFactory - Using Nextflow cache factory: nextflow.cache.DefaultCacheFactory
Nov-27 23:02:23.162 [main] DEBUG nextflow.util.CustomThreadPool - Creating default thread pool > poolSize: 25; maxThreads: 1000
Nov-27 23:02:23.237 [main] DEBUG nextflow.Session - Session start
Nov-27 23:02:23.977 [main] DEBUG nextflow.script.ScriptRunner - > Launching execution
Nov-27 23:02:24.202 [main] DEBUG nextflow.executor.ExecutorFactory - << taskConfig executor: null
Nov-27 23:02:24.203 [main] DEBUG nextflow.executor.ExecutorFactory - >> processorType: 'local'
Nov-27 23:02:24.215 [main] DEBUG nextflow.executor.Executor - [warm up] executor > local
Nov-27 23:02:24.224 [main] DEBUG n.processor.LocalPollingMonitor - Creating local task monitor for executor 'local' > cpus=24; memory=15.5 GB; capacity=24; pollInterval=100ms; dumpInterval=5m
Nov-27 23:02:24.227 [main] DEBUG n.processor.TaskPollingMonitor - >>> barrier register (monitor: local)
Nov-27 23:02:24.266 [main] DEBUG nextflow.processor.TaskProcessor - Creating process 'indexing': maxForks=0; fair=false; array=0
Nov-27 23:02:24.315 [main] DEBUG nextflow.executor.ExecutorFactory - << taskConfig executor: null
Nov-27 23:02:24.315 [main] DEBUG nextflow.executor.ExecutorFactory - >> processorType: 'local'
Nov-27 23:02:24.318 [main] DEBUG nextflow.processor.TaskProcessor - Creating process 'refAlignment': maxForks=0; fair=false; array=0
Nov-27 23:02:24.324 [main] DEBUG nextflow.executor.ExecutorFactory - << taskConfig executor: null
Nov-27 23:02:24.325 [main] DEBUG nextflow.executor.ExecutorFactory - >> processorType: 'local'
Nov-27 23:02:24.326 [main] DEBUG nextflow.processor.TaskProcessor - Creating process 'samConversion': maxForks=0; fair=false; array=0
Nov-27 23:02:24.329 [main] DEBUG nextflow.executor.ExecutorFactory - << taskConfig executor: null
Nov-27 23:02:24.330 [main] DEBUG nextflow.executor.ExecutorFactory - >> processorType: 'local'
Nov-27 23:02:24.331 [main] DEBUG nextflow.processor.TaskProcessor - Creating process 'bamIndexing': maxForks=0; fair=false; array=0
Nov-27 23:02:24.339 [main] DEBUG nextflow.executor.ExecutorFactory - << taskConfig executor: null
Nov-27 23:02:24.339 [main] DEBUG nextflow.executor.ExecutorFactory - >> processorType: 'local'
Nov-27 23:02:24.340 [main] DEBUG nextflow.processor.TaskProcessor - Creating process 'readCollapsing': maxForks=0; fair=false; array=0
Nov-27 23:02:24.347 [main] DEBUG nextflow.executor.ExecutorFactory - << taskConfig executor: null
Nov-27 23:02:24.347 [main] DEBUG nextflow.executor.ExecutorFactory - >> processorType: 'local'
Nov-27 23:02:24.348 [main] DEBUG nextflow.processor.TaskProcessor - Creating process 'vcfIndexing': maxForks=0; fair=false; array=0
Nov-27 23:02:24.351 [main] DEBUG nextflow.executor.ExecutorFactory - << taskConfig executor: null
Nov-27 23:02:24.351 [main] DEBUG nextflow.executor.ExecutorFactory - >> processorType: 'local'
Nov-27 23:02:24.352 [main] DEBUG nextflow.processor.TaskProcessor - Creating process 'concensusCreation': maxForks=0; fair=false; array=0
Nov-27 23:02:24.356 [main] DEBUG nextflow.Session - Workflow process names [dsl2]: samConversion, indexing, readCollapsing, refAlignment, bamIndexing, vcfIndexing, concensusCreation
Nov-27 23:02:24.359 [main] DEBUG nextflow.Session - Igniting dataflow network (9)
Nov-27 23:02:24.365 [PathVisitor-1] DEBUG nextflow.file.PathVisitor - files for syntax: glob; folder: ./DogaNextflow/FastqFiles/; pattern: *_R{1,2}_*.{fastq,fastq.gz}; options: [checkIfExists:true]
Nov-27 23:02:24.366 [PathVisitor-2] DEBUG nextflow.file.PathVisitor - files for syntax: glob; folder: ./DogaNextflow/FastqFiles/; pattern: *_genomic.fna; options: [checkIfExists:true]
Nov-27 23:02:24.366 [main] DEBUG nextflow.processor.TaskProcessor - Starting process > indexing
Nov-27 23:02:24.367 [main] DEBUG nextflow.processor.TaskProcessor - Starting process > refAlignment
Nov-27 23:02:24.367 [main] DEBUG nextflow.processor.TaskProcessor - Starting process > samConversion
Nov-27 23:02:24.368 [main] DEBUG nextflow.processor.TaskProcessor - Starting process > bamIndexing
Nov-27 23:02:24.368 [main] DEBUG nextflow.processor.TaskProcessor - Starting process > readCollapsing
Nov-27 23:02:24.369 [main] DEBUG nextflow.processor.TaskProcessor - Starting process > vcfIndexing
Nov-27 23:02:24.370 [main] DEBUG nextflow.processor.TaskProcessor - Starting process > concensusCreation
Nov-27 23:02:24.371 [main] DEBUG nextflow.script.ScriptRunner - Parsed script files:
  Script_fe854a0f6c846c07: /home/yasemen/School/BacterialGenomics/DogaNextflow/AssemblyPipeline.nf
Nov-27 23:02:24.371 [main] DEBUG nextflow.script.ScriptRunner - > Awaiting termination 
Nov-27 23:02:24.371 [main] DEBUG nextflow.Session - Session await
Nov-27 23:02:24.527 [Task submitter] DEBUG n.executor.local.LocalTaskHandler - Launch cmd line: /bin/bash -ue .command.run
Nov-27 23:02:24.529 [Task submitter] INFO  nextflow.Session - [de/77d67d] Submitted process > indexing
Nov-27 23:02:27.449 [Task monitor] DEBUG n.processor.TaskPollingMonitor - Task completed > TaskHandler[id: 1; name: indexing; status: COMPLETED; exit: 0; error: -; workDir: /home/yasemen/School/BacterialGenomics/work/de/77d67d664077cf93632cc6a48228cf]
Nov-27 23:02:27.450 [Task monitor] DEBUG nextflow.util.ThreadPoolBuilder - Creating thread pool 'TaskFinalizer' minSize=10; maxSize=72; workQueue=LinkedBlockingQueue[-1]; allowCoreThreadTimeout=false
Nov-27 23:02:27.481 [Task submitter] DEBUG n.executor.local.LocalTaskHandler - Launch cmd line: /bin/bash -ue .command.run
Nov-27 23:02:27.481 [Task submitter] INFO  nextflow.Session - [37/f57a19] Submitted process > refAlignment (1)
Nov-27 23:02:46.414 [Task monitor] DEBUG n.processor.TaskPollingMonitor - Task completed > TaskHandler[id: 2; name: refAlignment (1); status: COMPLETED; exit: 0; error: -; workDir: /home/yasemen/School/BacterialGenomics/work/37/f57a191cfa8d97c6224649dcc84645]
Nov-27 23:02:46.428 [Task submitter] DEBUG n.executor.local.LocalTaskHandler - Launch cmd line: /bin/bash -ue .command.run
Nov-27 23:02:46.429 [Task submitter] INFO  nextflow.Session - [fe/dc0d1d] Submitted process > samConversion (1)
Nov-27 23:02:47.069 [Task monitor] DEBUG n.processor.TaskPollingMonitor - Task completed > TaskHandler[id: 3; name: samConversion (1); status: COMPLETED; exit: 0; error: -; workDir: /home/yasemen/School/BacterialGenomics/work/fe/dc0d1dd7ff401cb00c3dbf3be82a52]
Nov-27 23:02:47.080 [Task submitter] DEBUG n.executor.local.LocalTaskHandler - Launch cmd line: /bin/bash -ue .command.run
Nov-27 23:02:47.080 [Task submitter] INFO  nextflow.Session - [89/a7c9a1] Submitted process > bamIndexing (1)
Nov-27 23:02:47.084 [Task submitter] DEBUG n.executor.local.LocalTaskHandler - Launch cmd line: /bin/bash -ue .command.run
Nov-27 23:02:47.085 [Task submitter] INFO  nextflow.Session - [fc/dbe2e8] Submitted process > readCollapsing (1)
Nov-27 23:02:47.181 [Task monitor] DEBUG n.processor.TaskPollingMonitor - Task completed > TaskHandler[id: 5; name: bamIndexing (1); status: COMPLETED; exit: 0; error: -; workDir: /home/yasemen/School/BacterialGenomics/work/89/a7c9a1b0ceb3f1f56bc200eca5ca6e]
Nov-27 23:02:54.793 [Task monitor] DEBUG n.processor.TaskPollingMonitor - Task completed > TaskHandler[id: 4; name: readCollapsing (1); status: COMPLETED; exit: 0; error: -; workDir: /home/yasemen/School/BacterialGenomics/work/fc/dbe2e807b3b65b1166cffa9c0e5c9d]
Nov-27 23:02:54.804 [Task submitter] DEBUG n.executor.local.LocalTaskHandler - Launch cmd line: /bin/bash -ue .command.run
Nov-27 23:02:54.805 [Task submitter] INFO  nextflow.Session - [45/9157d1] Submitted process > vcfIndexing (1)
Nov-27 23:02:55.030 [Task monitor] DEBUG n.processor.TaskPollingMonitor - Task completed > TaskHandler[id: 6; name: vcfIndexing (1); status: COMPLETED; exit: 0; error: -; workDir: /home/yasemen/School/BacterialGenomics/work/45/9157d1569f48c0f4753ca3cfd87d94]
Nov-27 23:02:55.042 [Task submitter] DEBUG n.executor.local.LocalTaskHandler - Launch cmd line: /bin/bash -ue .command.run
Nov-27 23:02:55.043 [Task submitter] INFO  nextflow.Session - [3d/ab3872] Submitted process > concensusCreation (1)
Nov-27 23:02:55.150 [Task monitor] DEBUG n.processor.TaskPollingMonitor - Task completed > TaskHandler[id: 7; name: concensusCreation (1); status: COMPLETED; exit: 0; error: -; workDir: /home/yasemen/School/BacterialGenomics/work/3d/ab3872aceda90619257f62101d6807]
Nov-27 23:02:55.175 [main] DEBUG nextflow.Session - Session await > all processes finished
Nov-27 23:02:55.252 [Task monitor] DEBUG n.processor.TaskPollingMonitor - <<< barrier arrives (monitor: local) - terminating tasks monitor poll loop
Nov-27 23:02:55.253 [main] DEBUG nextflow.Session - Session await > all barriers passed
Nov-27 23:02:55.256 [main] DEBUG nextflow.util.ThreadPoolManager - Thread pool 'TaskFinalizer' shutdown completed (hard=false)
Nov-27 23:02:55.264 [main] DEBUG n.trace.WorkflowStatsObserver - Workflow completed > WorkflowStats[succeededCount=7; failedCount=0; ignoredCount=0; cachedCount=0; pendingCount=0; submittedCount=0; runningCount=0; retriesCount=0; abortedCount=0; succeedDuration=30.1s; failedDuration=0ms; cachedDuration=0ms;loadCpus=0; loadMemory=0; peakRunning=2; peakCpus=2; peakMemory=0; ]
Nov-27 23:02:55.426 [main] DEBUG nextflow.cache.CacheDB - Closing CacheDB done
Nov-27 23:02:55.442 [main] DEBUG nextflow.util.ThreadPoolManager - Thread pool 'FileTransfer' shutdown completed (hard=false)
Nov-27 23:02:55.443 [main] DEBUG nextflow.script.ScriptRunner - > Execution complete -- Goodbye
