Discrepancy Report Results

Summary
DISC_PROTEIN_NAMES:All proteins have same name "hypothetical protein"
FATAL: MISSING_PROTEIN_ID:9 proteins have invalid IDs.
DISC_SOURCE_QUALS_ASNDISC:strain (all present, all unique)
DISC_SOURCE_QUALS_ASNDISC:taxname (all present, all unique)
DISC_FEATURE_COUNT:CDS: 9 present
DISC_COUNT_NUCLEOTIDES:1 nucleotide Bioseqs are present
FEATURE_LOCATION_CONFLICT:9 features have inconsistent gene locations.
DISC_QUALITY_SCORES:Quality scores are missing on all sequences.
ONCALLER_COMMENT_PRESENT:1 comment descriptors were found (all same)
SHORT_PROT_SEQUENCES:5 protein sequences are shorter than 50 aa.
MISSING_GENOMEASSEMBLY_COMMENTS:1 bioseqs are missing GenomeAssembly structured comments
TEST_LOW_QUALITY_REGION:1 sequences contains low quality region
MOLTYPE_NOT_MRNA:1 molecule types are not set as mRNA.
TECHNIQUE_NOT_TSA:1 technique are not set as TSA
MISSING_STRUCTURED_COMMENT:1 sequences do not include structured comments.
MISSING_PROJECT:10 sequences do not include project.
DISC_INCONSISTENT_MOLINFO_TECH:Molinfo Technique Report (some missing, all same)
DISC_GAPS:1 sequences contain gaps


Detailed Report

DiscRep_ALL:DISC_PROTEIN_NAMES::All proteins have same name "hypothetical protein"

FATAL: DiscRep_ALL:MISSING_PROTEIN_ID::9 proteins have invalid IDs.
ec1/ec1:ec1_1 (length 52)
ec1/ec1:ec1_2 (length 33)
ec1/ec1:ec1_3 (length 33)
ec1/ec1:ec1_4 (length 59)
ec1/ec1:ec1_5 (length 64)
ec1/ec1:ec1_6 (length 41)
ec1/ec1:ec1_7 (length 41)
ec1/ec1:ec1_8 (length 66)
ec1/ec1:ec1_9 (length 33)

DiscRep_ALL:DISC_SOURCE_QUALS_ASNDISC::strain (all present, all unique)
DiscRep_SUB:DISC_SOURCE_QUALS_ASNDISC::1 sources have unique values for strain
DiscRep_ALL:DISC_SOURCE_QUALS_ASNDISC::taxname (all present, all unique)
DiscRep_SUB:DISC_SOURCE_QUALS_ASNDISC::1 sources have unique values for taxname
DiscRep_ALL:DISC_FEATURE_COUNT::CDS: 9 present
DiscRep_ALL:DISC_COUNT_NUCLEOTIDES::1 nucleotide Bioseqs are present
ec1/ec1:ec1 (length 3611147, 90 other, 3609391 gap)

DiscRep_ALL:FEATURE_LOCATION_CONFLICT::9 features have inconsistent gene locations.
DiscRep_SUB:FEATURE_LOCATION_CONFLICT::Coding region xref gene does not exist
ec1/ec1:CDS	hypothetical protein	ec1:c857731-857573	HHCJEDMM_00001

DiscRep_SUB:FEATURE_LOCATION_CONFLICT::Coding region xref gene does not exist
ec1/ec1:CDS	hypothetical protein	ec1:c857854-857753	HHCJEDMM_00002

DiscRep_SUB:FEATURE_LOCATION_CONFLICT::Coding region xref gene does not exist
ec1/ec1:CDS	hypothetical protein	ec1:c932682-932581	HHCJEDMM_00003

DiscRep_SUB:FEATURE_LOCATION_CONFLICT::Coding region xref gene does not exist
ec1/ec1:CDS	hypothetical protein	ec1:932721-932900	HHCJEDMM_00004

DiscRep_SUB:FEATURE_LOCATION_CONFLICT::Coding region xref gene does not exist
ec1/ec1:CDS	hypothetical protein	ec1:c933105-932911	HHCJEDMM_00005

DiscRep_SUB:FEATURE_LOCATION_CONFLICT::Coding region xref gene does not exist
ec1/ec1:CDS	hypothetical protein	ec1:933107-933232	HHCJEDMM_00006

DiscRep_SUB:FEATURE_LOCATION_CONFLICT::Coding region xref gene does not exist
ec1/ec1:CDS	hypothetical protein	ec1:933186-933311	HHCJEDMM_00007

DiscRep_SUB:FEATURE_LOCATION_CONFLICT::Coding region xref gene does not exist
ec1/ec1:CDS	hypothetical protein	ec1:933265-933465	HHCJEDMM_00008

DiscRep_SUB:FEATURE_LOCATION_CONFLICT::Coding region xref gene does not exist
ec1/ec1:CDS	hypothetical protein	ec1:2137263-2137364	HHCJEDMM_00009

DiscRep_ALL:DISC_QUALITY_SCORES::Quality scores are missing on all sequences.

DiscRep_ALL:ONCALLER_COMMENT_PRESENT::1 comment descriptors were found (all same)
ec1/ec1:ec1:Annotated using prokka 1.15.6 from https://github.com/tseemann/prokka

DiscRep_ALL:SHORT_PROT_SEQUENCES::5 protein sequences are shorter than 50 aa.
ec1/ec1:ec1_2 (length 33)
ec1/ec1:ec1_3 (length 33)
ec1/ec1:ec1_6 (length 41)
ec1/ec1:ec1_7 (length 41)
ec1/ec1:ec1_9 (length 33)

DiscRep_ALL:MISSING_GENOMEASSEMBLY_COMMENTS::1 bioseqs are missing GenomeAssembly structured comments
ec1/ec1:ec1 (length 3611147, 90 other, 3609391 gap)

DiscRep_ALL:TEST_LOW_QUALITY_REGION::1 sequences contains low quality region
ec1/ec1:ec1 (length 3611147, 90 other, 3609391 gap)

DiscRep_ALL:MOLTYPE_NOT_MRNA::1 molecule types are not set as mRNA.
ec1/ec1:ec1 (length 3611147, 90 other, 3609391 gap)

DiscRep_ALL:TECHNIQUE_NOT_TSA::1 technique are not set as TSA
ec1/ec1:ec1 (length 3611147, 90 other, 3609391 gap)

DiscRep_ALL:MISSING_STRUCTURED_COMMENT::1 sequences do not include structured comments.
ec1/ec1:ec1 (length 3611147, 90 other, 3609391 gap)

DiscRep_ALL:MISSING_PROJECT::10 sequences do not include project.
ec1/ec1:ec1 (length 3611147, 90 other, 3609391 gap)
ec1/ec1:ec1_1 (length 52)
ec1/ec1:ec1_2 (length 33)
ec1/ec1:ec1_3 (length 33)
ec1/ec1:ec1_4 (length 59)
ec1/ec1:ec1_5 (length 64)
ec1/ec1:ec1_6 (length 41)
ec1/ec1:ec1_7 (length 41)
ec1/ec1:ec1_8 (length 66)
ec1/ec1:ec1_9 (length 33)

DiscRep_ALL:DISC_INCONSISTENT_MOLINFO_TECH::Molinfo Technique Report (some missing, all same)
DiscRep_SUB:DISC_INCONSISTENT_MOLINFO_TECH::technique (all missing)
DiscRep_SUB:DISC_INCONSISTENT_MOLINFO_TECH::1 Molinfos are missing field technique
ec1/ec1:ec1 (length 3611147, 90 other, 3609391 gap)

DiscRep_ALL:DISC_GAPS::1 sequences contain gaps
ec1/ec1:ec1 (length 3611147, 90 other, 3609391 gap)

