[11:58:11] This is prokka 1.15.6
[11:58:11] Written by Torsten Seemann <torsten.seemann@gmail.com>
[11:58:11] Homepage is https://github.com/tseemann/prokka
[11:58:11] Local time is Thu Dec 25 11:58:11 2025
[11:58:11] You are iremay
[11:58:11] Operating system is linux
[11:58:11] You have BioPerl 1.7.8
[11:58:11] System has 8 cores.
[11:58:11] Will use maximum of 2 cores.
[11:58:11] Annotating as >>> Bacteria <<<
[11:58:11] Generating locus_tag from 'ec1.fas' contents.
[11:58:11] Setting --locustag HHCJEDMM from MD5 11c3ed66e0ad697039fa02f820788eef
[11:58:11] Creating new output folder: ec1
[11:58:11] Running: mkdir -p ec1
[11:58:11] Using filename prefix: ec1.XXX
[11:58:11] Setting HMMER_NCPU=1
[11:58:11] Writing log to: ec1/ec1.log
[11:58:11] Command: /home/iremay/miniconda3/bin/prokka --outdir ec1 --prefix ec1 ec1.fas --cpus 2
[11:58:11] Looking for 'aragorn' - found /home/iremay/miniconda3/bin/aragorn
[11:58:11] Determined aragorn version is v1.2 from 'ARAGORN v1.2.41 Dean Laslett'
[11:58:11] Looking for 'barrnap' - found /home/iremay/miniconda3/bin/barrnap
[11:58:11] Determined barrnap version is v0.9 from 'barrnap 0.9'
[11:58:11] Looking for 'blastp' - found /home/iremay/miniconda3/bin/blastp
[11:58:12] Determined blastp version is v2.16 from 'blastp: 2.16.0+'
[11:58:12] Looking for 'cmpress' - found /home/iremay/miniconda3/bin/cmpress
[11:58:12] Determined cmpress version is v1.1 from '# INFERNAL 1.1.5 (Sep 2023)'
[11:58:12] Looking for 'cmscan' - found /home/iremay/miniconda3/bin/cmscan
[11:58:12] Determined cmscan version is v1.1 from '# INFERNAL 1.1.5 (Sep 2023)'
[11:58:12] Looking for 'egrep' - found /usr/bin/egrep
[11:58:12] Looking for 'find' - found /usr/bin/find
[11:58:12] Looking for 'grep' - found /usr/bin/grep
[11:58:12] Looking for 'hmmpress' - found /home/iremay/miniconda3/bin/hmmpress
[11:58:12] Determined hmmpress version is v3.4 from '# HMMER 3.4 (Aug 2023); http://hmmer.org/'
[11:58:12] Looking for 'hmmscan' - found /home/iremay/miniconda3/bin/hmmscan
[11:58:12] Determined hmmscan version is v3.4 from '# HMMER 3.4 (Aug 2023); http://hmmer.org/'
[11:58:12] Looking for 'java' - found /home/iremay/miniconda3/bin/java
[11:58:12] Looking for 'makeblastdb' - found /home/iremay/miniconda3/bin/makeblastdb
[11:58:12] Determined makeblastdb version is v2.16 from 'makeblastdb: 2.16.0+'
[11:58:12] Looking for 'minced' - found /home/iremay/miniconda3/bin/minced
[11:58:12] Determined minced version is v4.2 from 'minced 0.4.2'
[11:58:12] Looking for 'parallel' - found /home/iremay/miniconda3/bin/parallel
[11:58:12] Determined parallel version is 20251122 from 'GNU parallel 20251122'
[11:58:12] Looking for 'prodigal' - found /home/iremay/miniconda3/bin/prodigal
[11:58:12] Determined prodigal version is v2.6 from 'Prodigal V2.6.3: February, 2016'
[11:58:12] Looking for 'prokka-genbank_to_fasta_db' - found /home/iremay/miniconda3/bin/prokka-genbank_to_fasta_db
[11:58:12] Looking for 'sed' - found /usr/bin/sed
[11:58:12] Looking for 'tbl2asn' - found /home/iremay/miniconda3/bin/tbl2asn
[11:58:12] Determined tbl2asn version is v25.7 from 'tbl2asn 25.7   arguments:'
[11:58:12] Using genetic code table 11.
[11:58:12] Loading and checking input file: ec1.fas
[11:58:13] Wrote 1 contigs totalling 3611147 bp.
[11:58:13] Predicting tRNAs and tmRNAs
[11:58:13] Running: aragorn -l -gc11  -w ec1\/ec1\.fna
[11:58:13] Found 0 tRNAs
[11:58:13] Predicting Ribosomal RNAs
[11:58:13] Running Barrnap with 2 threads
[11:58:15] Found 0 rRNAs
[11:58:15] Skipping ncRNA search, enable with --rfam if desired.
[11:58:15] Total of 0 tRNA + rRNA features
[11:58:15] Searching for CRISPR repeats
[11:58:15] Found 0 CRISPRs
[11:58:15] Predicting coding sequences
[11:58:15] Contigs total 3611147 bp, so using single mode
[11:58:15] Running: prodigal -i ec1\/ec1\.fna -c -m -g 11 -p single -f sco -q
[11:58:16] Found 9 CDS
[11:58:16] Connecting features back to sequences
[11:58:16] Not using genus-specific database. Try --usegenus to enable it.
[11:58:16] Annotating CDS, please be patient.
[11:58:16] Will use 2 CPUs for similarity searching.
[11:58:16] There are still 9 unannotated CDS left (started with 9)
[11:58:16] Will use blast to search against /home/iremay/miniconda3/db/kingdom/Bacteria/IS with 2 CPUs
[11:58:16] Running: cat ec1\/ec1\.IS\.tmp\.12276\.faa | parallel --gnu --plain -j 2 --block 114 --recstart '>' --pipe blastp -query - -db /home/iremay/miniconda3/db/kingdom/Bacteria/IS -evalue 1e-30 -qcov_hsp_perc 90 -num_threads 1 -num_descriptions 1 -num_alignments 1 -seg no > ec1\/ec1\.IS\.tmp\.12276\.blast 2> /dev/null
[11:58:16] Deleting unwanted file: ec1/ec1.IS.tmp.12276.faa
[11:58:16] Deleting unwanted file: ec1/ec1.IS.tmp.12276.blast
[11:58:16] There are still 9 unannotated CDS left (started with 9)
[11:58:16] Will use blast to search against /home/iremay/miniconda3/db/kingdom/Bacteria/AMR with 2 CPUs
[11:58:16] Running: cat ec1\/ec1\.AMR\.tmp\.12276\.faa | parallel --gnu --plain -j 2 --block 114 --recstart '>' --pipe blastp -query - -db /home/iremay/miniconda3/db/kingdom/Bacteria/AMR -evalue 1e-300 -qcov_hsp_perc 90 -num_threads 1 -num_descriptions 1 -num_alignments 1 -seg no > ec1\/ec1\.AMR\.tmp\.12276\.blast 2> /dev/null
[11:58:17] Deleting unwanted file: ec1/ec1.AMR.tmp.12276.faa
[11:58:17] Deleting unwanted file: ec1/ec1.AMR.tmp.12276.blast
[11:58:17] There are still 9 unannotated CDS left (started with 9)
[11:58:17] Will use blast to search against /home/iremay/miniconda3/db/kingdom/Bacteria/sprot with 2 CPUs
[11:58:17] Running: cat ec1\/ec1\.sprot\.tmp\.12276\.faa | parallel --gnu --plain -j 2 --block 114 --recstart '>' --pipe blastp -query - -db /home/iremay/miniconda3/db/kingdom/Bacteria/sprot -evalue 1e-09 -qcov_hsp_perc 80 -num_threads 1 -num_descriptions 1 -num_alignments 1 -seg no > ec1\/ec1\.sprot\.tmp\.12276\.blast 2> /dev/null
[11:58:18] Deleting unwanted file: ec1/ec1.sprot.tmp.12276.faa
[11:58:18] Deleting unwanted file: ec1/ec1.sprot.tmp.12276.blast
[11:58:18] Labelling remaining 9 proteins as 'hypothetical protein'
[11:58:18] Found 0 unique /gene codes.
[11:58:18] Fixed 0 colliding /gene names.
[11:58:18] Adding /locus_tag identifiers
[11:58:18] Assigned 9 locus_tags to CDS and RNA features.
[11:58:18] Writing outputs to ec1/
[11:58:18] Generating annotation statistics file
[11:58:18] Generating Genbank and Sequin files
[11:58:18] Running: tbl2asn -V b -a r10k -l paired-ends -M n -N 1 -y 'Annotated using prokka 1.15.6 from https://github.com/tseemann/prokka' -Z ec1\/ec1\.err -i ec1\/ec1\.fsa 2> /dev/null
[11:58:18] Deleting unwanted file: ec1/errorsummary.val
[11:58:18] Deleting unwanted file: ec1/ec1.dr
[11:58:18] Deleting unwanted file: ec1/ec1.fixedproducts
[11:58:18] Deleting unwanted file: ec1/ec1.ecn
[11:58:18] Deleting unwanted file: ec1/ec1.val
[11:58:18] Repairing broken .GBK output that tbl2asn produces...
[11:58:18] Running: sed 's/COORDINATES: profile/COORDINATES:profile/' < ec1\/ec1\.gbf > ec1\/ec1\.gbk
[11:58:18] Deleting unwanted file: ec1/ec1.gbf
[11:58:18] Output files:
[11:58:19] ec1/ec1.faa
[11:58:19] ec1/ec1.gff
[11:58:19] ec1/ec1.ffn
[11:58:19] ec1/ec1.tbl
[11:58:19] ec1/ec1.fsa
[11:58:19] ec1/ec1.gbk
[11:58:19] ec1/ec1.txt
[11:58:19] ec1/ec1.err
[11:58:19] ec1/ec1.sqn
[11:58:19] ec1/ec1.tsv
[11:58:19] ec1/ec1.log
[11:58:19] ec1/ec1.fna
[11:58:19] Annotation finished successfully.
[11:58:19] Walltime used: 0.13 minutes
[11:58:19] If you use this result please cite the Prokka paper:
[11:58:19] Seemann T (2014) Prokka: rapid prokaryotic genome annotation. Bioinformatics. 30(14):2068-9.
[11:58:19] Type 'prokka --citation' for more details.
[11:58:19] Thank you, come again.
