Settings:
  Output files: "ref_index/GCA_000008865.2_ASM886v2_genomic.*.bt2"
  Line rate: 6 (line is 64 bytes)
  Lines per side: 1 (side is 64 bytes)
  Offset rate: 4 (one in 16)
  FTable chars: 10
  Strings: unpacked
  Max bucket size: default
  Max bucket size, sqrt multiplier: default
  Max bucket size, len divisor: 16
  Difference-cover sample period: 1024
  Endianness: little
  Actual local endianness: little
  Sanity checking: disabled
  Assertions: disabled
  Random seed: 0
  Sizeofs: void*:8, int:4, long:8, size_t:8
Input files DNA, FASTA:
  GCA_000008865.2_ASM886v2_genomic.fna
Reading reference sizes
  Time reading reference sizes: 00:00:00
Calculating joined length
Writing header
Reserving space for joined string
Joining reference sequences
  Time to join reference sequences: 00:00:00
bmax according to bmaxDivN setting: 349662
Using parameters --bmax 262247 --dcv 1024
  Doing ahead-of-time memory usage test
  Passed!  Constructing with these parameters: --bmax 262247 --dcv 1024
Constructing suffix-array element generator
Building DifferenceCoverSample
  Building sPrime
  Building sPrimeOrder
  V-Sorting samples
  V-Sorting samples time: 00:00:00
  Allocating rank array
  Ranking v-sort output
  Ranking v-sort output time: 00:00:00
  Invoking Larsson-Sadakane on ranks
  Invoking Larsson-Sadakane on ranks time: 00:00:00
  Sanity-checking and returning
Building samples
Reserving space for 44 sample suffixes
Generating random suffixes
QSorting 44 sample offsets, eliminating duplicates
QSorting sample offsets, eliminating duplicates time: 00:00:00
Multikey QSorting 44 samples
  (Using difference cover)
  Multikey QSorting samples time: 00:00:00
Calculating bucket sizes
Splitting and merging
  Splitting and merging time: 00:00:00
Split 4, merged 24; iterating...
Splitting and merging
  Splitting and merging time: 00:00:00
Split 3, merged 1; iterating...
Splitting and merging
  Splitting and merging time: 00:00:00
Split 3, merged 1; iterating...
Splitting and merging
  Splitting and merging time: 00:00:00
Split 2, merged 3; iterating...
Splitting and merging
  Splitting and merging time: 00:00:00
Split 1, merged 2; iterating...
Avg bucket size: 207207 (target: 262246)
Converting suffix-array elements to index image
Allocating ftab, absorbFtab
Entering Ebwt loop
Getting block 1 of 27
  Reserving size (262247) for bucket 1
  Calculating Z arrays for bucket 1
  Entering block accumulator loop for bucket 1:
Getting block 2 of 27
  Reserving size (262247) for bucket 2
Getting block 3 of 27
  Calculating Z arrays for bucket 2
  Reserving size (262247) for bucket 3
  Calculating Z arrays for bucket 3
  Entering block accumulator loop for bucket 2:
  Entering block accumulator loop for bucket 3:
  bucket 1: 10%
  bucket 2: 10%
  bucket 3: 10%
  bucket 1: 20%
  bucket 3: 20%
  bucket 2: 20%
  bucket 1: 30%
  bucket 3: 30%
  bucket 2: 30%
  bucket 1: 40%
  bucket 3: 40%
  bucket 2: 40%
  bucket 1: 50%
  bucket 3: 50%
  bucket 2: 50%
  bucket 1: 60%
  bucket 3: 60%
  bucket 1: 70%
  bucket 2: 60%
  bucket 1: 80%
  bucket 3: 70%
  bucket 2: 70%
  bucket 1: 90%
  bucket 3: 80%
  bucket 2: 80%
  bucket 1: 100%
  Sorting block of length 215399 for bucket 1
  (Using difference cover)
  bucket 3: 90%
  bucket 2: 90%
  bucket 3: 100%
  Sorting block of length 46525 for bucket 3
  (Using difference cover)
  bucket 2: 100%
  Sorting block of length 236019 for bucket 2
  (Using difference cover)
  Sorting block time: 00:00:00
Returning block of 46526 for bucket 3
Getting block 4 of 27
  Reserving size (262247) for bucket 4
  Calculating Z arrays for bucket 4
  Entering block accumulator loop for bucket 4:
  bucket 4: 10%
  bucket 4: 20%
  Sorting block time: 00:00:00
Returning block of 215400 for bucket 1
Getting block 5 of 27
  Reserving size (262247) for bucket 5
  Calculating Z arrays for bucket 5
  Entering block accumulator loop for bucket 5:
  bucket 4: 30%
  Sorting block time: 00:00:00
Returning block of 236020 for bucket 2
  bucket 5: 10%
  bucket 4: 40%
Getting block 6 of 27
  Reserving size (262247) for bucket 6
  Calculating Z arrays for bucket 6
  Entering block accumulator loop for bucket 6:
  bucket 5: 20%
  bucket 4: 50%
  bucket 6: 10%
  bucket 5: 30%
  bucket 4: 60%
  bucket 6: 20%
  bucket 5: 40%
  bucket 4: 70%
  bucket 6: 30%
  bucket 5: 50%
  bucket 4: 80%
  bucket 5: 60%
  bucket 6: 40%
  bucket 4: 90%
  bucket 5: 70%
  bucket 6: 50%
  bucket 4: 100%
  Sorting block of length 239484 for bucket 4
  (Using difference cover)
  bucket 5: 80%
  bucket 6: 60%
  bucket 5: 90%
  bucket 6: 70%
  bucket 5: 100%
  Sorting block of length 253963 for bucket 5
  (Using difference cover)
  bucket 6: 80%
  bucket 6: 90%
  Sorting block time: 00:00:00
Returning block of 239485 for bucket 4
  bucket 6: 100%
  Sorting block of length 227434 for bucket 6
  (Using difference cover)
Getting block 7 of 27
  Reserving size (262247) for bucket 7
  Calculating Z arrays for bucket 7
  Entering block accumulator loop for bucket 7:
  bucket 7: 10%
  Sorting block time: 00:00:00
Returning block of 253964 for bucket 5
  bucket 7: 20%
Getting block 8 of 27
  Reserving size (262247) for bucket 8
  Calculating Z arrays for bucket 8
  Entering block accumulator loop for bucket 8:
  bucket 7: 30%
  Sorting block time: 00:00:00
Returning block of 227435 for bucket 6
  bucket 8: 10%
Getting block 9 of 27
  Reserving size (262247) for bucket 9
  Calculating Z arrays for bucket 9
  Entering block accumulator loop for bucket 9:
  bucket 7: 40%
  bucket 8: 20%
  bucket 9: 10%
  bucket 7: 50%
  bucket 8: 30%
  bucket 9: 20%
  bucket 7: 60%
  bucket 8: 40%
  bucket 9: 30%
  bucket 7: 70%
  bucket 8: 50%
  bucket 9: 40%
  bucket 7: 80%
  bucket 8: 60%
  bucket 9: 50%
  bucket 7: 90%
  bucket 8: 70%
  bucket 9: 60%
  bucket 7: 100%
  Sorting block of length 238227 for bucket 7
  (Using difference cover)
  bucket 8: 80%
  bucket 9: 70%
  bucket 8: 90%
  bucket 9: 80%
  bucket 8: 100%
  Sorting block of length 157035 for bucket 8
  (Using difference cover)
  bucket 9: 90%
  bucket 9: 100%
  Sorting block of length 241632 for bucket 9
  (Using difference cover)
  Sorting block time: 00:00:00
Returning block of 238228 for bucket 7
Getting block 10 of 27
  Reserving size (262247) for bucket 10
  Calculating Z arrays for bucket 10
  Entering block accumulator loop for bucket 10:
  Sorting block time: 00:00:00
Returning block of 157036 for bucket 8
Getting block 11 of 27
  Reserving size (262247) for bucket 11
  Calculating Z arrays for bucket 11
  Entering block accumulator loop for bucket 11:
  bucket 10: 10%
  bucket 10: 20%
  bucket 11: 10%
  bucket 10: 30%
  Sorting block time: 00:00:00
Returning block of 241633 for bucket 9
  bucket 11: 20%
Getting block 12 of 27
  Reserving size (262247) for bucket 12
  Calculating Z arrays for bucket 12
  Entering block accumulator loop for bucket 12:
  bucket 10: 40%
  bucket 11: 30%
  bucket 12: 10%
  bucket 10: 50%
  bucket 11: 40%
  bucket 12: 20%
  bucket 10: 60%
  bucket 11: 50%
  bucket 12: 30%
  bucket 10: 70%
  bucket 11: 60%
  bucket 12: 40%
  bucket 10: 80%
  bucket 11: 70%
  bucket 10: 90%
  bucket 12: 50%
  bucket 11: 80%
  bucket 10: 100%
  Sorting block of length 247553 for bucket 10
  (Using difference cover)
  bucket 12: 60%
  bucket 11: 90%
  bucket 12: 70%
  bucket 11: 100%
  Sorting block of length 72540 for bucket 11
  (Using difference cover)
  bucket 12: 80%
  Sorting block time: 00:00:00
Returning block of 72541 for bucket 11
Getting block 13 of 27
  Reserving size (262247) for bucket 13
  Calculating Z arrays for bucket 13
  Entering block accumulator loop for bucket 13:
  bucket 12: 90%
  bucket 13: 10%
  bucket 12: 100%
  Sorting block of length 102505 for bucket 12
  (Using difference cover)
  Sorting block time: 00:00:00
Returning block of 247554 for bucket 10
Getting block 14 of 27
  Reserving size (262247) for bucket 14
  Calculating Z arrays for bucket 14
  Entering block accumulator loop for bucket 14:
  bucket 13: 20%
  Sorting block time: 00:00:00
Returning block of 102506 for bucket 12
  bucket 14: 10%
Getting block 15 of 27
  Reserving size (262247) for bucket 15
  Calculating Z arrays for bucket 15
  Entering block accumulator loop for bucket 15:
  bucket 13: 30%
  bucket 14: 20%
  bucket 13: 40%
  bucket 15: 10%
  bucket 14: 30%
  bucket 13: 50%
  bucket 15: 20%
  bucket 14: 40%
  bucket 13: 60%
  bucket 15: 30%
  bucket 14: 50%
  bucket 13: 70%
  bucket 15: 40%
  bucket 14: 60%
  bucket 13: 80%
  bucket 15: 50%
  bucket 14: 70%
  bucket 13: 90%
  bucket 15: 60%
  bucket 14: 80%
  bucket 13: 100%
  Sorting block of length 219703 for bucket 13
  (Using difference cover)
  bucket 15: 70%
  bucket 14: 90%
  bucket 14: 100%
  Sorting block of length 257237 for bucket 14
  (Using difference cover)
  bucket 15: 80%
  bucket 15: 90%
  Sorting block time: 00:00:00
Returning block of 219704 for bucket 13
Getting block 16 of 27
  Reserving size (262247) for bucket 16
  Calculating Z arrays for bucket 16
  Entering block accumulator loop for bucket 16:
  bucket 15: 100%
  Sorting block of length 241265 for bucket 15
  (Using difference cover)
  bucket 16: 10%
  Sorting block time: 00:00:00
Returning block of 257238 for bucket 14
  bucket 16: 20%
Getting block 17 of 27
  Reserving size (262247) for bucket 17
  Calculating Z arrays for bucket 17
  Entering block accumulator loop for bucket 17:
  bucket 16: 30%
  bucket 17: 10%
  bucket 16: 40%
  Sorting block time: 00:00:00
Returning block of 241266 for bucket 15
  bucket 17: 20%
Getting block 18 of 27
  Reserving size (262247) for bucket 18
  Calculating Z arrays for bucket 18
  Entering block accumulator loop for bucket 18:
  bucket 16: 50%
  bucket 17: 30%
  bucket 18: 10%
  bucket 16: 60%
  bucket 17: 40%
  bucket 18: 20%
  bucket 16: 70%
  bucket 17: 50%
  bucket 18: 30%
  bucket 16: 80%
  bucket 17: 60%
  bucket 18: 40%
  bucket 16: 90%
  bucket 17: 70%
  bucket 18: 50%
  bucket 16: 100%
  Sorting block of length 248162 for bucket 16
  (Using difference cover)
  bucket 17: 80%
  bucket 18: 60%
  bucket 17: 90%
  bucket 18: 70%
  bucket 18: 80%
  bucket 17: 100%
  Sorting block of length 204974 for bucket 17
  (Using difference cover)
  bucket 18: 90%
  Sorting block time: 00:00:00
Returning block of 248163 for bucket 16
Getting block 19 of 27
  Reserving size (262247) for bucket 19
  Calculating Z arrays for bucket 19
  Entering block accumulator loop for bucket 19:
  bucket 18: 100%
  Sorting block of length 173508 for bucket 18
  (Using difference cover)
  bucket 19: 10%
  Sorting block time: 00:00:00
Returning block of 204975 for bucket 17
Getting block 20 of 27
  Reserving size (262247) for bucket 20
  Calculating Z arrays for bucket 20
  Entering block accumulator loop for bucket 20:
  bucket 19: 20%
  bucket 20: 10%
  bucket 19: 30%
  Sorting block time: 00:00:00
Returning block of 173509 for bucket 18
Getting block 21 of 27
  Reserving size (262247) for bucket 21
  Calculating Z arrays for bucket 21
  Entering block accumulator loop for bucket 21:
  bucket 20: 20%
  bucket 19: 40%
  bucket 21: 10%
  bucket 19: 50%
  bucket 20: 30%
  bucket 21: 20%
  bucket 19: 60%
  bucket 20: 40%
  bucket 21: 30%
  bucket 19: 70%
  bucket 20: 50%
  bucket 21: 40%
  bucket 19: 80%
  bucket 20: 60%
  bucket 21: 50%
  bucket 19: 90%
  bucket 20: 70%
  bucket 21: 60%
  bucket 19: 100%
  Sorting block of length 254831 for bucket 19
  (Using difference cover)
  bucket 20: 80%
  bucket 21: 70%
  bucket 20: 90%
  bucket 21: 80%
  bucket 20: 100%
  Sorting block of length 234331 for bucket 20
  (Using difference cover)
  bucket 21: 90%
  bucket 21: 100%
  Sorting block of length 77080 for bucket 21
  (Using difference cover)
  Sorting block time: 00:00:00
Returning block of 254832 for bucket 19
Getting block 22 of 27
  Reserving size (262247) for bucket 22
  Calculating Z arrays for bucket 22
  Entering block accumulator loop for bucket 22:
  Sorting block time: 00:00:00
Returning block of 77081 for bucket 21
Getting block 23 of 27
  Reserving size (262247) for bucket 23
  Calculating Z arrays for bucket 23
  Entering block accumulator loop for bucket 23:
  bucket 22: 10%
  Sorting block time: 00:00:00
Returning block of 234332 for bucket 20
  bucket 23: 10%
Getting block 24 of 27
  Reserving size (262247) for bucket 24
  Calculating Z arrays for bucket 24
  Entering block accumulator loop for bucket 24:
  bucket 22: 20%
  bucket 23: 20%
  bucket 24: 10%
  bucket 23: 30%
  bucket 22: 30%
  bucket 24: 20%
  bucket 23: 40%
  bucket 22: 40%
  bucket 24: 30%
  bucket 23: 50%
  bucket 22: 50%
  bucket 24: 40%
  bucket 23: 60%
  bucket 22: 60%
  bucket 24: 50%
  bucket 23: 70%
  bucket 24: 60%
  bucket 22: 70%
  bucket 23: 80%
  bucket 24: 70%
  bucket 23: 90%
  bucket 22: 80%
  bucket 24: 80%
  bucket 23: 100%
  Sorting block of length 257255 for bucket 23
  (Using difference cover)
  bucket 22: 90%
  bucket 24: 90%
  bucket 22: 100%
  Sorting block of length 259092 for bucket 22
  (Using difference cover)
  bucket 24: 100%
  Sorting block of length 196084 for bucket 24
  (Using difference cover)
  Sorting block time: 00:00:00
Returning block of 257256 for bucket 23
Getting block 25 of 27
  Reserving size (262247) for bucket 25
  Calculating Z arrays for bucket 25
  Entering block accumulator loop for bucket 25:
  Sorting block time: 00:00:00
Returning block of 196085 for bucket 24
  Sorting block time: 00:00:00
Returning block of 259093 for bucket 22
Getting block 26 of 27
  Reserving size (262247) for bucket 26
  Calculating Z arrays for bucket 26
  Entering block accumulator loop for bucket 26:
  bucket 25: 10%
Getting block 27 of 27
  Reserving size (262247) for bucket 27
  Calculating Z arrays for bucket 27
  Entering block accumulator loop for bucket 27:
  bucket 25: 20%
  bucket 26: 10%
  bucket 27: 10%
  bucket 27: 20%
  bucket 26: 20%
  bucket 25: 30%
  bucket 27: 30%
  bucket 26: 30%
  bucket 25: 40%
  bucket 27: 40%
  bucket 27: 50%
  bucket 26: 40%
  bucket 25: 50%
  bucket 27: 60%
  bucket 26: 50%
  bucket 25: 60%
  bucket 27: 70%
  bucket 27: 80%
  bucket 25: 70%
  bucket 26: 60%
  bucket 27: 90%
  bucket 25: 80%
  bucket 27: 100%
  Sorting block of length 261391 for bucket 27
  (Using difference cover)
  bucket 26: 70%
  bucket 25: 90%
  bucket 26: 80%
  bucket 25: 100%
  Sorting block of length 212797 for bucket 25
  (Using difference cover)
  bucket 26: 90%
  bucket 26: 100%
  Sorting block of length 218553 for bucket 26
  (Using difference cover)
  Sorting block time: 00:00:00
Returning block of 261392 for bucket 27
  Sorting block time: 00:00:00
Returning block of 212798 for bucket 25
  Sorting block time: 00:00:00
Returning block of 218554 for bucket 26
Exited Ebwt loop
fchr[A]: 0
fchr[C]: 1387192
fchr[G]: 2794407
fchr[T]: 4211581
fchr[$]: 5594605
Exiting Ebwt::buildToDisk()
Returning from initFromVector
Wrote 6059630 bytes to primary EBWT file: ref_index/GCA_000008865.2_ASM886v2_genomic.1.bt2.tmp
Wrote 1398656 bytes to secondary EBWT file: ref_index/GCA_000008865.2_ASM886v2_genomic.2.bt2.tmp
Re-opening _in1 and _in2 as input streams
Returning from Ebwt constructor
Headers:
    len: 5594605
    bwtLen: 5594606
    sz: 1398652
    bwtSz: 1398652
    lineRate: 6
    offRate: 4
    offMask: 0xfffffff0
    ftabChars: 10
    eftabLen: 20
    eftabSz: 80
    ftabLen: 1048577
    ftabSz: 4194308
    offsLen: 349663
    offsSz: 1398652
    lineSz: 64
    sideSz: 64
    sideBwtSz: 48
    sideBwtLen: 192
    numSides: 29139
    numLines: 29139
    ebwtTotLen: 1864896
    ebwtTotSz: 1864896
    color: 0
    reverse: 0
Total time for call to driver() for forward index: 00:00:01
Reading reference sizes
  Time reading reference sizes: 00:00:01
Calculating joined length
Writing header
Reserving space for joined string
Joining reference sequences
  Time to join reference sequences: 00:00:00
  Time to reverse reference sequence: 00:00:00
bmax according to bmaxDivN setting: 349662
Using parameters --bmax 262247 --dcv 1024
  Doing ahead-of-time memory usage test
  Passed!  Constructing with these parameters: --bmax 262247 --dcv 1024
Constructing suffix-array element generator
Building DifferenceCoverSample
  Building sPrime
  Building sPrimeOrder
  V-Sorting samples
  V-Sorting samples time: 00:00:00
  Allocating rank array
  Ranking v-sort output
  Ranking v-sort output time: 00:00:00
  Invoking Larsson-Sadakane on ranks
  Invoking Larsson-Sadakane on ranks time: 00:00:00
  Sanity-checking and returning
Building samples
Reserving space for 44 sample suffixes
Generating random suffixes
QSorting 44 sample offsets, eliminating duplicates
QSorting sample offsets, eliminating duplicates time: 00:00:00
Multikey QSorting 44 samples
  (Using difference cover)
  Multikey QSorting samples time: 00:00:00
Calculating bucket sizes
Splitting and merging
  Splitting and merging time: 00:00:00
Split 6, merged 19; iterating...
Splitting and merging
  Splitting and merging time: 00:00:00
Split 2, merged 5; iterating...
Splitting and merging
  Splitting and merging time: 00:00:00
Split 1, merged 0; iterating...
Splitting and merging
  Splitting and merging time: 00:00:00
Avg bucket size: 186486 (target: 262246)
Converting suffix-array elements to index image
Allocating ftab, absorbFtab
Entering Ebwt loop
Getting block 1 of 30
  Reserving size (262247) for bucket 1
Getting block 2 of 30
  Calculating Z arrays for bucket 1
  Reserving size (262247) for bucket 2
  Entering block accumulator loop for bucket 1:
  Calculating Z arrays for bucket 2
  Entering block accumulator loop for bucket 2:
Getting block 3 of 30
  Reserving size (262247) for bucket 3
  Calculating Z arrays for bucket 3
  Entering block accumulator loop for bucket 3:
  bucket 2: 10%
  bucket 1: 10%
  bucket 3: 10%
  bucket 1: 20%
  bucket 2: 20%
  bucket 3: 20%
  bucket 1: 30%
  bucket 2: 30%
  bucket 3: 30%
  bucket 1: 40%
  bucket 2: 40%
  bucket 1: 50%
  bucket 3: 40%
  bucket 2: 50%
  bucket 1: 60%
  bucket 3: 50%
  bucket 2: 60%
  bucket 1: 70%
  bucket 3: 60%
  bucket 1: 80%
  bucket 2: 70%
  bucket 1: 90%
  bucket 3: 70%
  bucket 2: 80%
  bucket 1: 100%
  Sorting block of length 164655 for bucket 1
  (Using difference cover)
  bucket 2: 90%
  bucket 3: 80%
  bucket 2: 100%
  Sorting block of length 119560 for bucket 2
  (Using difference cover)
  bucket 3: 90%
  bucket 3: 100%
  Sorting block of length 211205 for bucket 3
  (Using difference cover)
  Sorting block time: 00:00:00
Returning block of 164656 for bucket 1
  Sorting block time: 00:00:00
Returning block of 119561 for bucket 2
Getting block 4 of 30
  Reserving size (262247) for bucket 4
  Calculating Z arrays for bucket 4
  Entering block accumulator loop for bucket 4:
Getting block 5 of 30
  Reserving size (262247) for bucket 5
  Calculating Z arrays for bucket 5
  Entering block accumulator loop for bucket 5:
  bucket 4: 10%
  bucket 5: 10%
  bucket 4: 20%
  bucket 5: 20%
  Sorting block time: 00:00:00
Returning block of 211206 for bucket 3
  bucket 4: 30%
  bucket 5: 30%
Getting block 6 of 30
  Reserving size (262247) for bucket 6
  Calculating Z arrays for bucket 6
  Entering block accumulator loop for bucket 6:
  bucket 4: 40%
  bucket 5: 40%
  bucket 6: 10%
  bucket 4: 50%
  bucket 5: 50%
  bucket 6: 20%
  bucket 4: 60%
  bucket 5: 60%
  bucket 6: 30%
  bucket 4: 70%
  bucket 5: 70%
  bucket 6: 40%
  bucket 4: 80%
  bucket 5: 80%
  bucket 6: 50%
  bucket 4: 90%
  bucket 5: 90%
  bucket 6: 60%
  bucket 4: 100%
  Sorting block of length 247735 for bucket 4
  (Using difference cover)
  bucket 5: 100%
  Sorting block of length 206811 for bucket 5
  (Using difference cover)
  bucket 6: 70%
  bucket 6: 80%
  bucket 6: 90%
  bucket 6: 100%
  Sorting block of length 239371 for bucket 6
  (Using difference cover)
  Sorting block time: 00:00:00
Returning block of 206812 for bucket 5
  Sorting block time: 00:00:00
Returning block of 247736 for bucket 4
Getting block 7 of 30
  Reserving size (262247) for bucket 7
  Calculating Z arrays for bucket 7
  Entering block accumulator loop for bucket 7:
Getting block 8 of 30
  Reserving size (262247) for bucket 8
  Calculating Z arrays for bucket 8
  Entering block accumulator loop for bucket 8:
  bucket 8: 10%
  bucket 7: 10%
  bucket 8: 20%
  bucket 7: 20%
  Sorting block time: 00:00:00
Returning block of 239372 for bucket 6
Getting block 9 of 30
  Reserving size (262247) for bucket 9
  Calculating Z arrays for bucket 9
  Entering block accumulator loop for bucket 9:
  bucket 8: 30%
  bucket 7: 30%
  bucket 9: 10%
  bucket 8: 40%
  bucket 7: 40%
  bucket 9: 20%
  bucket 8: 50%
  bucket 7: 50%
  bucket 9: 30%
  bucket 8: 60%
  bucket 7: 60%
  bucket 9: 40%
  bucket 8: 70%
  bucket 7: 70%
  bucket 9: 50%
  bucket 8: 80%
  bucket 7: 80%
  bucket 9: 60%
  bucket 8: 90%
  bucket 7: 90%
  bucket 8: 100%
  bucket 9: 70%
  Sorting block of length 49104 for bucket 8
  (Using difference cover)
  bucket 7: 100%
  Sorting block of length 216755 for bucket 7
  (Using difference cover)
  Sorting block time: 00:00:00
Returning block of 49105 for bucket 8
Getting block 10 of 30
  Reserving size (262247) for bucket 10
  Calculating Z arrays for bucket 10
  Entering block accumulator loop for bucket 10:
  bucket 9: 80%
  bucket 9: 90%
  bucket 10: 10%
  bucket 9: 100%
  Sorting block of length 236177 for bucket 9
  (Using difference cover)
  bucket 10: 20%
  Sorting block time: 00:00:00
Returning block of 216756 for bucket 7
  bucket 10: 30%
Getting block 11 of 30
  Reserving size (262247) for bucket 11
  Calculating Z arrays for bucket 11
  Entering block accumulator loop for bucket 11:
  bucket 10: 40%
  bucket 11: 10%
  bucket 10: 50%
  bucket 11: 20%
  Sorting block time: 00:00:00
Returning block of 236178 for bucket 9
  bucket 10: 60%
Getting block 12 of 30
  Reserving size (262247) for bucket 12
  Calculating Z arrays for bucket 12
  Entering block accumulator loop for bucket 12:
  bucket 11: 30%
  bucket 10: 70%
  bucket 12: 10%
  bucket 11: 40%
  bucket 10: 80%
  bucket 12: 20%
  bucket 11: 50%
  bucket 10: 90%
  bucket 12: 30%
  bucket 11: 60%
  bucket 10: 100%
  Sorting block of length 252224 for bucket 10
  (Using difference cover)
  bucket 12: 40%
  bucket 11: 70%
  bucket 11: 80%
  bucket 12: 50%
  bucket 11: 90%
  bucket 12: 60%
  bucket 11: 100%
  Sorting block of length 238278 for bucket 11
  (Using difference cover)
  Sorting block time: 00:00:00
Returning block of 252225 for bucket 10
  bucket 12: 70%
Getting block 13 of 30
  Reserving size (262247) for bucket 13
  Calculating Z arrays for bucket 13
  Entering block accumulator loop for bucket 13:
  bucket 12: 80%
  bucket 13: 10%
  bucket 12: 90%
  bucket 13: 20%
  bucket 12: 100%
  Sorting block of length 210652 for bucket 12
  (Using difference cover)
  Sorting block time: 00:00:00
Returning block of 238279 for bucket 11
  bucket 13: 30%
Getting block 14 of 30
  Reserving size (262247) for bucket 14
  Calculating Z arrays for bucket 14
  Entering block accumulator loop for bucket 14:
  bucket 13: 40%
  bucket 14: 10%
  bucket 13: 50%
  bucket 14: 20%
  Sorting block time: 00:00:00
Returning block of 210653 for bucket 12
  bucket 13: 60%
Getting block 15 of 30
  Reserving size (262247) for bucket 15
  Calculating Z arrays for bucket 15
  Entering block accumulator loop for bucket 15:
  bucket 14: 30%
  bucket 13: 70%
  bucket 15: 10%
  bucket 14: 40%
  bucket 13: 80%
  bucket 14: 50%
  bucket 15: 20%
  bucket 13: 90%
  bucket 14: 60%
  bucket 15: 30%
  bucket 13: 100%
  Sorting block of length 97407 for bucket 13
  (Using difference cover)
  bucket 14: 70%
  bucket 15: 40%
  bucket 14: 80%
  Sorting block time: 00:00:00
Returning block of 97408 for bucket 13
Getting block 16 of 30
  Reserving size (262247) for bucket 16
  Calculating Z arrays for bucket 16
  Entering block accumulator loop for bucket 16:
  bucket 15: 50%
  bucket 14: 90%
  bucket 16: 10%
  bucket 15: 60%
  bucket 14: 100%
  Sorting block of length 184155 for bucket 14
  (Using difference cover)
  bucket 16: 20%
  bucket 15: 70%
  bucket 16: 30%
  bucket 15: 80%
  bucket 16: 40%
  Sorting block time: 00:00:00
Returning block of 184156 for bucket 14
  bucket 15: 90%
Getting block 17 of 30
  Reserving size (262247) for bucket 17
  Calculating Z arrays for bucket 17
  Entering block accumulator loop for bucket 17:
  bucket 16: 50%
  bucket 15: 100%
  Sorting block of length 156759 for bucket 15
  (Using difference cover)
  bucket 17: 10%
  bucket 16: 60%
  bucket 17: 20%
  bucket 16: 70%
  Sorting block time: 00:00:00
Returning block of 156760 for bucket 15
  bucket 17: 30%
  bucket 16: 80%
Getting block 18 of 30
  Reserving size (262247) for bucket 18
  Calculating Z arrays for bucket 18
  Entering block accumulator loop for bucket 18:
  bucket 16: 90%
  bucket 17: 40%
  bucket 18: 10%
  bucket 16: 100%
  Sorting block of length 118864 for bucket 16
  (Using difference cover)
  bucket 17: 50%
  bucket 18: 20%
  bucket 17: 60%
  bucket 18: 30%
  Sorting block time: 00:00:00
Returning block of 118865 for bucket 16
Getting block 19 of 30
  Reserving size (262247) for bucket 19
  Calculating Z arrays for bucket 19
  Entering block accumulator loop for bucket 19:
  bucket 17: 70%
  bucket 18: 40%
  bucket 19: 10%
  bucket 17: 80%
  bucket 18: 50%
  bucket 19: 20%
  bucket 18: 60%
  bucket 17: 90%
  bucket 19: 30%
  bucket 18: 70%
  bucket 17: 100%
  Sorting block of length 260614 for bucket 17
  (Using difference cover)
  bucket 19: 40%
  bucket 18: 80%
  bucket 19: 50%
  bucket 18: 90%
  bucket 19: 60%
  bucket 18: 100%
  Sorting block of length 244340 for bucket 18
  (Using difference cover)
  bucket 19: 70%
  Sorting block time: 00:00:00
Returning block of 260615 for bucket 17
Getting block 20 of 30
  Reserving size (262247) for bucket 20
  Calculating Z arrays for bucket 20
  Entering block accumulator loop for bucket 20:
  bucket 19: 80%
  bucket 20: 10%
  bucket 19: 90%
  bucket 20: 20%
  Sorting block time: 00:00:01
Returning block of 244341 for bucket 18
  bucket 19: 100%
  Sorting block of length 203707 for bucket 19
  (Using difference cover)
Getting block 21 of 30
  Reserving size (262247) for bucket 21
  Calculating Z arrays for bucket 21
  Entering block accumulator loop for bucket 21:
  bucket 20: 30%
  bucket 21: 10%
  bucket 20: 40%
  bucket 21: 20%
  bucket 20: 50%
  Sorting block time: 00:00:00
Returning block of 203708 for bucket 19
  bucket 20: 60%
  bucket 21: 30%
Getting block 22 of 30
  Reserving size (262247) for bucket 22
  Calculating Z arrays for bucket 22
  Entering block accumulator loop for bucket 22:
  bucket 20: 70%
  bucket 21: 40%
  bucket 22: 10%
  bucket 20: 80%
  bucket 21: 50%
  bucket 22: 20%
  bucket 20: 90%
  bucket 21: 60%
  bucket 22: 30%
  bucket 20: 100%
  Sorting block of length 104302 for bucket 20
  (Using difference cover)
  bucket 21: 70%
  bucket 22: 40%
  bucket 21: 80%
  bucket 22: 50%
  Sorting block time: 00:00:00
Returning block of 104303 for bucket 20
Getting block 23 of 30
  Reserving size (262247) for bucket 23
  Calculating Z arrays for bucket 23
  Entering block accumulator loop for bucket 23:
  bucket 21: 90%
  bucket 22: 60%
  bucket 23: 10%
  bucket 21: 100%
  Sorting block of length 164745 for bucket 21
  (Using difference cover)
  bucket 22: 70%
  bucket 23: 20%
  bucket 22: 80%
  bucket 23: 30%
  bucket 22: 90%
  Sorting block time: 00:00:00
Returning block of 164746 for bucket 21
Getting block 24 of 30
  Reserving size (262247) for bucket 24
  Calculating Z arrays for bucket 24
  Entering block accumulator loop for bucket 24:
  bucket 23: 40%
  bucket 22: 100%
  Sorting block of length 97623 for bucket 22
  (Using difference cover)
  bucket 24: 10%
  bucket 23: 50%
  bucket 24: 20%
  Sorting block time: 00:00:00
Returning block of 97624 for bucket 22
  bucket 23: 60%
Getting block 25 of 30
  Reserving size (262247) for bucket 25
  Calculating Z arrays for bucket 25
  Entering block accumulator loop for bucket 25:
  bucket 24: 30%
  bucket 25: 10%
  bucket 24: 40%
  bucket 23: 70%
  bucket 25: 20%
  bucket 24: 50%
  bucket 23: 80%
  bucket 25: 30%
  bucket 24: 60%
  bucket 23: 90%
  bucket 25: 40%
  bucket 24: 70%
  bucket 25: 50%
  bucket 24: 80%
  bucket 23: 100%
  Sorting block of length 215324 for bucket 23
  (Using difference cover)
  bucket 24: 90%
  bucket 25: 60%
  bucket 24: 100%
  Sorting block of length 78799 for bucket 24
  (Using difference cover)
  bucket 25: 70%
  bucket 25: 80%
  Sorting block time: 00:00:00
Returning block of 78800 for bucket 24
Getting block 26 of 30
  Reserving size (262247) for bucket 26
  Calculating Z arrays for bucket 26
  Entering block accumulator loop for bucket 26:
  bucket 25: 90%
  Sorting block time: 00:00:00
Returning block of 215325 for bucket 23
  bucket 26: 10%
Getting block 27 of 30
  Reserving size (262247) for bucket 27
  Calculating Z arrays for bucket 27
  Entering block accumulator loop for bucket 27:
  bucket 25: 100%
  Sorting block of length 233101 for bucket 25
  (Using difference cover)
  bucket 26: 20%
  bucket 27: 10%
  bucket 26: 30%
  bucket 27: 20%
  bucket 26: 40%
  bucket 27: 30%
  bucket 26: 50%
  bucket 27: 40%
  Sorting block time: 00:00:00
Returning block of 233102 for bucket 25
  bucket 26: 60%
Getting block 28 of 30
  Reserving size (262247) for bucket 28
  Calculating Z arrays for bucket 28
  Entering block accumulator loop for bucket 28:
  bucket 27: 50%
  bucket 26: 70%
  bucket 28: 10%
  bucket 27: 60%
  bucket 28: 20%
  bucket 26: 80%
  bucket 27: 70%
  bucket 28: 30%
  bucket 26: 90%
  bucket 27: 80%
  bucket 28: 40%
  bucket 26: 100%
  Sorting block of length 239388 for bucket 26
  (Using difference cover)
  bucket 27: 90%
  bucket 28: 50%
  bucket 27: 100%
  Sorting block of length 230459 for bucket 27
  (Using difference cover)
  bucket 28: 60%
  bucket 28: 70%
  bucket 28: 80%
  Sorting block time: 00:00:00
Returning block of 239389 for bucket 26
  bucket 28: 90%
Getting block 29 of 30
  Reserving size (262247) for bucket 29
  Calculating Z arrays for bucket 29
  Entering block accumulator loop for bucket 29:
  bucket 28: 100%
  Sorting block of length 105560 for bucket 28
  (Using difference cover)
  Sorting block time: 00:00:00
Returning block of 230460 for bucket 27
  bucket 29: 10%
Getting block 30 of 30
  Reserving size (262247) for bucket 30
  Calculating Z arrays for bucket 30
  Entering block accumulator loop for bucket 30:
  bucket 30: 10%
  bucket 29: 20%
  bucket 30: 20%
  Sorting block time: 00:00:00
Returning block of 105561 for bucket 28
  bucket 29: 30%
  bucket 30: 30%
  bucket 30: 40%
  bucket 29: 40%
  bucket 30: 50%
  bucket 29: 50%
  bucket 30: 60%
  bucket 29: 60%
  bucket 30: 70%
  bucket 30: 80%
  bucket 29: 70%
  bucket 30: 90%
  bucket 29: 80%
  bucket 30: 100%
  Sorting block of length 226074 for bucket 30
  (Using difference cover)
  bucket 29: 90%
  bucket 29: 100%
  Sorting block of length 240828 for bucket 29
  (Using difference cover)
  Sorting block time: 00:00:00
Returning block of 226075 for bucket 30
  Sorting block time: 00:00:00
Returning block of 240829 for bucket 29
Exited Ebwt loop
fchr[A]: 0
fchr[C]: 1387192
fchr[G]: 2794407
fchr[T]: 4211581
fchr[$]: 5594605
Exiting Ebwt::buildToDisk()
Returning from initFromVector
Wrote 6059630 bytes to primary EBWT file: ref_index/GCA_000008865.2_ASM886v2_genomic.rev.1.bt2.tmp
Wrote 1398656 bytes to secondary EBWT file: ref_index/GCA_000008865.2_ASM886v2_genomic.rev.2.bt2.tmp
Re-opening _in1 and _in2 as input streams
Returning from Ebwt constructor
Headers:
    len: 5594605
    bwtLen: 5594606
    sz: 1398652
    bwtSz: 1398652
    lineRate: 6
    offRate: 4
    offMask: 0xfffffff0
    ftabChars: 10
    eftabLen: 20
    eftabSz: 80
    ftabLen: 1048577
    ftabSz: 4194308
    offsLen: 349663
    offsSz: 1398652
    lineSz: 64
    sideSz: 64
    sideBwtSz: 48
    sideBwtLen: 192
    numSides: 29139
    numLines: 29139
    ebwtTotLen: 1864896
    ebwtTotSz: 1864896
    color: 0
    reverse: 1
Total time for backward call to driver() for mirror index: 00:00:02
