INFO     19/12 09:14:19   antiSMASH version: 8.0.1
INFO     19/12 09:14:19   diamond using executable: /usr/local/bin/diamond (2.1.11)
INFO     19/12 09:14:19   hmmpfam2 using executable: /usr/local/bin/hmmpfam2 (2.3.2)
INFO     19/12 09:14:19   fasttree using executable: /usr/local/bin/fasttree
INFO     19/12 09:14:19   hmmsearch using executable: /usr/local/bin/hmmsearch (3.4)
INFO     19/12 09:14:19   hmmpress using executable: /usr/local/bin/hmmpress (3.4)
INFO     19/12 09:14:19   hmmscan using executable: /usr/local/bin/hmmscan (3.4)
INFO     19/12 09:14:19   prodigal using executable: /usr/local/bin/prodigal (V2.6.3)
INFO     19/12 09:14:19   blastp using executable: /usr/local/bin/blastp (2.16.0+)
INFO     19/12 09:14:19   makeblastdb using executable: /usr/local/bin/makeblastdb (2.16.0+)
INFO     19/12 09:14:19   Parsing input sequence 'CONTROL_REP2_pyrodigal.gbk'
INFO     19/12 09:14:23   Analysing record: BA000007.3
INFO     19/12 09:14:23   Detecting secondary metabolite clusters
INFO     19/12 09:14:23   Running antismash.detection.hmm_detection
INFO     19/12 09:14:23   HMM detection using strictness: relaxed
INFO     19/12 09:14:34   6 region(s) detected in record
INFO     19/12 09:14:34   Running antismash.detection.genefunctions
INFO     19/12 09:14:40   Running antismash.detection.nrps_pks_domains
INFO     19/12 09:14:41   Running antismash.modules.lanthipeptides
INFO     19/12 09:14:41   Running antismash.modules.lassopeptides
INFO     19/12 09:14:41   Running antismash.modules.nrps_pks
INFO     19/12 09:14:41   Predicting A domain substrate specificities with nrpys
INFO     19/12 09:14:41   Predicting NRPS C domain activity using active site motifs
INFO     19/12 09:14:42   Predicting PKS AT domain substrate specificities by Yadav et al. PKS signature sequences
INFO     19/12 09:14:42   Predicting PKS AT domain substrate specificities by Minowa et al. method
INFO     19/12 09:14:42   Predicting CAL domain substrate specificities by Minowa et al. method
INFO     19/12 09:14:42   Predicting PKS KR activity and stereochemistry using KR fingerprints from Starcevic et al.
INFO     19/12 09:14:43   Running antismash.modules.sactipeptides
INFO     19/12 09:14:43   Running antismash.modules.t2pks
INFO     19/12 09:14:43   Running antismash.modules.terpene
INFO     19/12 09:14:43   Analysing terpene clusters
INFO     19/12 09:14:43   Running antismash.modules.thiopeptides
INFO     19/12 09:14:43   Running antismash.modules.tta
INFO     19/12 09:14:44   Skipping TTA codon detection, GC content too low: 51%
INFO     19/12 09:14:44   Analysing record: AB011548.2
INFO     19/12 09:14:44   Detecting secondary metabolite clusters
INFO     19/12 09:14:44   Running antismash.detection.hmm_detection
INFO     19/12 09:14:44   HMM detection using strictness: relaxed
INFO     19/12 09:14:44   No regions detected, skipping record
INFO     19/12 09:14:44   Analysing record: AB011549.2
INFO     19/12 09:14:44   Detecting secondary metabolite clusters
INFO     19/12 09:14:44   Running antismash.detection.hmm_detection
INFO     19/12 09:14:44   HMM detection using strictness: relaxed
INFO     19/12 09:14:45   No regions detected, skipping record
INFO     19/12 09:14:45   Writing results
INFO     19/12 09:14:51   antiSMASH status: SUCCESS
