[2025-12-19 09:22:10,690] root                                               [DEBUG  ]  Logging to file: /tmp/tmpb2vi9vhs/multiqc.log
[2025-12-19 09:22:10,692] multiqc.core.update_config                         [DEBUG  ]  This is MultiQC v1.29
[2025-12-19 09:22:10,692] multiqc.core.update_config                         [DEBUG  ]  Running Python 3.13.3 | packaged by conda-forge | (main, Apr 14 2025, 20:44:03) [GCC 13.3.0]
[2025-12-19 09:22:10,931] multiqc.config                                     [INFO   ]  Loading config settings from: multiqc_config.yml
[2025-12-19 09:22:10,932] multiqc.config                                     [ERROR  ]  Config 'custom_logo' path not found, skipping (nf-core-funcscan_logo_flat_light.png)
[2025-12-19 09:22:10,932] multiqc.config                                     [DEBUG  ]  New config: {'report_comment': 'This report has been generated by the <a href="https://github.com/nf-core/funcscan/releases/tag/3.0.0" target="_blank">nf-core/funcscan</a> analysis pipeline. For information about how to interpret these results, please see the <a href="https://nf-co.re/funcscan/3.0.0/docs/output" target="_blank">documentation</a>.\n', 'report_section_order': {'nf-core-funcscan-methods-description': {'order': -1000}, 'software_versions': {'order': -1001}, 'nf-core-funcscan-summary': {'order': -1002}}, 'run_modules': ['prokka', 'custom_content'], 'table_columns_visible': {'Prokka': {'organism': False}}, 'export_plots': True, 'disable_version_detection': True, 'custom_logo_url': 'https://nf-co.re/funcscan', 'custom_logo_title': 'nf-core/funcscan', 'prokka_fn_snames': True}
[2025-12-19 09:22:10,932] multiqc.config                                     [DEBUG  ]  Found command line config: {'custom_logo': 'nf-core-funcscan_logo_light.png'}
[2025-12-19 09:22:10,932] multiqc.config                                     [DEBUG  ]  New config: {'custom_logo': '/home/yasemen/School/BacterialGenomics/nf-corePipelines/funcscan/work/33/703d3d157eec5db05e1adcd95cd5bf/nf-core-funcscan_logo_light.png'}
[2025-12-19 09:22:10,937] urllib3.connectionpool                             [DEBUG  ]  Starting new HTTPS connection (1): api.multiqc.info:443
[2025-12-19 09:22:11,422] urllib3.connectionpool                             [DEBUG  ]  https://api.multiqc.info:443 "GET /version?version_multiqc=1.29&version_python=3.13.3&operating_system=Linux&is_docker=True&is_singularity=False&is_conda=True&is_ci=False&is_notebook=False&ai_summary=False&ai_summary_full=False&ai_provider=seqera HTTP/1.1" 200 178
[2025-12-19 09:22:11,423] multiqc.core.version_check                         [WARNING]  MultiQC Version v1.33 now available!
[2025-12-19 09:22:11,423] multiqc.core.version_check                         [DEBUG  ]  Latest MultiQC version is v1.33, released 2025-12-09
[2025-12-19 09:22:11,424] multiqc.multiqc                                    [DEBUG  ]  Working dir : /home/yasemen/School/BacterialGenomics/nf-corePipelines/funcscan/work/33/703d3d157eec5db05e1adcd95cd5bf
[2025-12-19 09:22:11,424] multiqc.multiqc                                    [DEBUG  ]  Template    : default
[2025-12-19 09:22:11,424] multiqc.multiqc                                    [DEBUG  ]  Command used: /usr/local/bin/multiqc --force --config multiqc_config.yml --cl-config custom_logo: "nf-core-funcscan_logo_light.png" .
[2025-12-19 09:22:11,424] multiqc.core.file_search                           [INFO   ]  Search path: /home/yasemen/School/BacterialGenomics/nf-corePipelines/funcscan/work/33/703d3d157eec5db05e1adcd95cd5bf
[2025-12-19 09:22:11,425] multiqc.core.file_search                           [INFO   ]  Only using modules: custom_content, prokka
[2025-12-19 09:22:11,425] multiqc.core.file_search                           [DEBUG  ]  Analysing modules: custom_content, prokka
[2025-12-19 09:22:11,425] multiqc.core.file_search                           [DEBUG  ]  Search keys: custom_content, multiqc_data, prokka, software_versions
[2025-12-19 09:22:11,426] multiqc.report                                     [DEBUG  ]  Ignored 358 search patterns that didn't match running modules
[2025-12-19 09:22:11,440] multiqc.report                                     [DEBUG  ]  Summary of files that were skipped by the search: |skipped_no_match: 9|
[2025-12-19 09:22:11,441] multiqc.core.exec_modules                          [DEBUG  ]  Running module: custom_content
[2025-12-19 09:22:11,473] multiqc.core.special_case_modules.custom_content   [INFO   ]  nf-core-funcscan-methods-description: Found 1 sample (html)
[2025-12-19 09:22:11,473] multiqc.core.special_case_modules.custom_content   [INFO   ]  nf-core-funcscan-summary: Found 1 sample (html)
[2025-12-19 09:22:11,473] multiqc.core.software_versions                     [DEBUG  ]  Reading software versions from config.software_versions
[2025-12-19 09:22:11,474] multiqc.core.software_versions                     [DEBUG  ]  Reading software versions settings from: 3/nf_core_funcscan_software_mqc_versions.yml
[2025-12-19 09:22:11,487] multiqc.core.file_search                           [INFO   ]  Only using modules: nf-core-funcscan-methods-description, nf-core-funcscan-summary
[2025-12-19 09:22:11,489] multiqc.report                                     [DEBUG  ]  Wrote data file multiqc_software_versions.txt
[2025-12-19 09:22:11,489] multiqc.core.order_modules_and_sections            [DEBUG  ]  config.report_section_order: module 'software_versions' not found.
[2025-12-19 09:22:11,489] multiqc.core.write_results                         [INFO   ]  Rendering plots. Export plots to formats png, svg, pdf is requested, so it might take a while. To disable plot export, set `export_plots: false` in config, or remove the `--export-plots` command line flag
[2025-12-19 09:22:11,491] multiqc.core.write_results                         [DEBUG  ]  Exporting plot data to files
[2025-12-19 09:22:11,492] multiqc.core.write_results                         [DEBUG  ]  Moving data file from '/tmp/tmpb2vi9vhs/multiqc_data' to '/home/yasemen/School/BacterialGenomics/nf-corePipelines/funcscan/work/33/703d3d157eec5db05e1adcd95cd5bf/multiqc_data'
[2025-12-19 09:22:11,569] multiqc.core.write_results                         [INFO   ]  Data        : multiqc_data
[2025-12-19 09:22:11,758] multiqc.core.write_results                         [DEBUG  ]  Compressing plot data
[2025-12-19 09:22:12,194] multiqc.core.write_results                         [INFO   ]  Report      : multiqc_report.html
[2025-12-19 09:22:12,194] multiqc.core.write_results                         [DEBUG  ]  Report HTML written to /home/yasemen/School/BacterialGenomics/nf-corePipelines/funcscan/work/33/703d3d157eec5db05e1adcd95cd5bf/multiqc_report.html
