INFO     19/12 09:18:07   antiSMASH version: 8.0.1
INFO     19/12 09:18:07   diamond using executable: /usr/local/bin/diamond (2.1.11)
INFO     19/12 09:18:07   hmmpfam2 using executable: /usr/local/bin/hmmpfam2 (2.3.2)
INFO     19/12 09:18:07   fasttree using executable: /usr/local/bin/fasttree
INFO     19/12 09:18:07   hmmsearch using executable: /usr/local/bin/hmmsearch (3.4)
INFO     19/12 09:18:07   hmmpress using executable: /usr/local/bin/hmmpress (3.4)
INFO     19/12 09:18:07   hmmscan using executable: /usr/local/bin/hmmscan (3.4)
INFO     19/12 09:18:07   prodigal using executable: /usr/local/bin/prodigal (V2.6.3)
INFO     19/12 09:18:07   blastp using executable: /usr/local/bin/blastp (2.16.0+)
INFO     19/12 09:18:07   makeblastdb using executable: /usr/local/bin/makeblastdb (2.16.0+)
INFO     19/12 09:18:08   Parsing input sequence 'CONTROL_REP1_pyrodigal.gbk'
INFO     19/12 09:18:10   Analysing record: U00096.3
INFO     19/12 09:18:10   Detecting secondary metabolite clusters
INFO     19/12 09:18:10   Running antismash.detection.hmm_detection
INFO     19/12 09:18:10   HMM detection using strictness: relaxed
INFO     19/12 09:18:24   3 region(s) detected in record
INFO     19/12 09:18:24   Running antismash.detection.genefunctions
INFO     19/12 09:18:28   Running antismash.detection.nrps_pks_domains
INFO     19/12 09:18:29   Running antismash.modules.lanthipeptides
INFO     19/12 09:18:29   Running antismash.modules.lassopeptides
INFO     19/12 09:18:29   Running antismash.modules.nrps_pks
INFO     19/12 09:18:29   Predicting A domain substrate specificities with nrpys
INFO     19/12 09:18:29   Predicting NRPS C domain activity using active site motifs
INFO     19/12 09:18:29   Predicting CAL domain substrate specificities by Minowa et al. method
INFO     19/12 09:18:29   Predicting PKS KR activity and stereochemistry using KR fingerprints from Starcevic et al.
INFO     19/12 09:18:30   Running antismash.modules.sactipeptides
INFO     19/12 09:18:30   Running antismash.modules.t2pks
INFO     19/12 09:18:30   Running antismash.modules.terpene
INFO     19/12 09:18:30   Analysing terpene clusters
INFO     19/12 09:18:30   Running antismash.modules.thiopeptides
INFO     19/12 09:18:30   Running antismash.modules.tta
INFO     19/12 09:18:30   Skipping TTA codon detection, GC content too low: 51%
INFO     19/12 09:18:30   Writing results
INFO     19/12 09:18:33   antiSMASH status: SUCCESS
